* using log directory ‘/home/runner/work/setwidth2/setwidth2/setwidth2.Rcheck’
* using R version 4.3.3 (2024-02-29)
* using platform: x86_64-pc-linux-gnu (64-bit)
* R was compiled by
    gcc (Ubuntu 13.2.0-23ubuntu3) 13.2.0
    GNU Fortran (Ubuntu 13.2.0-23ubuntu3) 13.2.0
* running under: Ubuntu 24.04.3 LTS
* using session charset: UTF-8
* using option ‘--as-cran’
* checking for file ‘setwidth2/DESCRIPTION’ ... OK
* this is package ‘setwidth2’ version ‘0.9.0.0001’
* package encoding: UTF-8
* checking CRAN incoming feasibility ... NOTE
Maintainer: ‘Nikita Mozgunov <mozgunov.n@gmail.com>’

Version contains leading zeroes (0.9.0.0001)

Found the following (possibly) invalid URLs:
  URL: https://github.com/nikotinz/setwidth2
    From: DESCRIPTION
    Status: 404
    Message: Not Found
  URL: https://github.com/nikotinz/setwidth2/issues
    From: DESCRIPTION
    Status: 404
    Message: Not Found

Found the following (possibly) invalid ORCID iDs:
  iD: 0000-0001-5774-5036	(from: DESCRIPTION)
  iD: 0000-0003-0941-718X	(from: DESCRIPTION)
  iD: 0000-0003-2522-8573	(from: DESCRIPTION)

The Title field should be in title case. Current version is:
‘Automatically Set the Width Option on Terminal Emulators (Cross-Platform, based on setwidth)’
In title case that is:
‘Automatically Set the Width Option on Terminal Emulators (Cross-Platform, Based on Setwidth)’
* checking package namespace information ... OK
* checking package dependencies ...